[25-Sep-2019 08:25:27 Europe/Helsinki] PHP Fatal error:  Uncaught Error: Call to undefined function fwite() in /var/www/html/learning_framework/handler.php:10
Stack trace:
#0 {main}
  thrown in /var/www/html/learning_framework/handler.php on line 10
[25-Sep-2019 08:32:41 Europe/Helsinki] PHP Fatal error:  Uncaught Error: Call to undefined function fwite() in /var/www/html/learning_framework/handler.php:10
Stack trace:
#0 {main}
  thrown in /var/www/html/learning_framework/handler.php on line 10
[25-Sep-2019 10:04:04 Europe/Helsinki] PHP Notice:  Undefined index: first in /var/www/html/learning_framework/index.php on line 35
[25-Sep-2019 10:05:06 Europe/Helsinki] PHP Parse error:  syntax error, unexpected '=' in /var/www/html/learning_framework/index.php on line 35
[25-Sep-2019 10:05:20 Europe/Helsinki] PHP Notice:  Undefined index: first in /var/www/html/learning_framework/index.php on line 35
[25-Sep-2019 10:05:42 Europe/Helsinki] PHP Notice:  Undefined index: first in /var/www/html/learning_framework/index.php on line 35
[25-Sep-2019 10:06:34 Europe/Helsinki] PHP Notice:  Undefined index: first in /var/www/html/learning_framework/index.php on line 35
[25-Sep-2019 10:08:10 Europe/Helsinki] PHP Notice:  Undefined index: first in /var/www/html/learning_framework/index.php on line 35
[25-Sep-2019 10:09:44 Europe/Helsinki] PHP Notice:  Undefined index: first in /var/www/html/learning_framework/index.php on line 35
[25-Sep-2019 10:11:35 Europe/Helsinki] PHP Notice:  Undefined index: first in /var/www/html/learning_framework/index.php on line 36
[25-Sep-2019 10:11:51 Europe/Helsinki] PHP Notice:  Undefined index: first in /var/www/html/learning_framework/index.php on line 35
[25-Sep-2019 10:14:19 Europe/Helsinki] PHP Notice:  Undefined index: first in /var/www/html/learning_framework/index.php on line 35
[25-Sep-2019 10:23:01 Europe/Helsinki] PHP Parse error:  syntax error, unexpected 'extend' (T_STRING), expecting '{' in /var/www/html/learning_framework/ExceptionMember.php on line 2
[25-Sep-2019 10:23:29 Europe/Helsinki] PHP Notice:  Undefined index: first in /var/www/html/learning_framework/index.php on line 37
[25-Sep-2019 10:27:12 Europe/Helsinki] PHP Notice:  Undefined index: first in /var/www/html/learning_framework/index.php on line 38
[25-Sep-2019 11:38:23 Europe/Helsinki] PHP Warning:  require_once(/var/www/html/learning_framework/ExceptionMember.php): failed to open stream: No such file or directory in /var/www/html/learning_framework/index.php on line 2
[25-Sep-2019 11:38:23 Europe/Helsinki] PHP Fatal error:  require_once(): Failed opening required '/var/www/html/learning_framework/ExceptionMember.php' (include_path='.:/usr/share/php') in /var/www/html/learning_framework/index.php on line 2
[25-Sep-2019 11:38:53 Europe/Helsinki] PHP Notice:  Undefined index: first in /var/www/html/learning_framework/index.php on line 40
[25-Sep-2019 12:08:34 Europe/Helsinki] PHP Notice:  Undefined index: first in /var/www/html/learning_framework/index.php on line 41
[25-Sep-2019 17:22:26 Europe/Helsinki] PHP Notice:  Undefined index: first in /var/www/html/learning_framework/index.php on line 41
[28-Sep-2019 10:03:36 Europe/Helsinki] PHP Notice:  Undefined index: first in /var/www/html/learning_framework/index.php on line 41
[28-Sep-2019 10:07:03 Europe/Helsinki] PHP Notice:  Undefined index: first in /var/www/html/learning_framework/index.php on line 41
[28-Sep-2019 10:08:29 Europe/Helsinki] PHP Notice:  Undefined index: first in /var/www/html/learning_framework/index.php on line 41
[07-Oct-2019 12:12:04 Europe/Helsinki] PHP Notice:  Undefined index: first in /var/www/html/learning_framework/index.php on line 41
[07-Oct-2019 12:50:34 Europe/Helsinki] PHP Notice:  Undefined index: first in /var/www/html/learning_framework/index.php on line 42
[07-Oct-2019 12:50:35 Europe/Helsinki] PHP Notice:  Undefined index: first in /var/www/html/learning_framework/index.php on line 42
[07-Oct-2019 12:50:38 Europe/Helsinki] PHP Notice:  Undefined index: first in /var/www/html/learning_framework/index.php on line 42
[07-Oct-2019 12:50:56 Europe/Helsinki] PHP Fatal error:  Uncaught ArgumentCountError: Too few arguments to function Form::__construct(), 0 passed in /var/www/html/learning_framework/index.php on line 9 and at least 2 expected in /var/www/html/learning_framework/class/Form.php:21
Stack trace:
#0 /var/www/html/learning_framework/index.php(9): Form->__construct()
#1 {main}
  thrown in /var/www/html/learning_framework/class/Form.php on line 21
[07-Oct-2019 12:51:57 Europe/Helsinki] PHP Notice:  Undefined index: first in /var/www/html/learning_framework/index.php on line 43
[07-Oct-2019 12:52:13 Europe/Helsinki] PHP Notice:  Undefined index: first in /var/www/html/learning_framework/index.php on line 42
[07-Oct-2019 12:53:43 Europe/Helsinki] PHP Fatal error:  Uncaught ExceptionObject: "0" не является элементом управления in /var/www/html/learning_framework/class/Form.php:39
Stack trace:
#0 /var/www/html/learning_framework/index.php(9): Form->__construct(Array, 'Ok')
#1 {main}
  thrown in /var/www/html/learning_framework/class/Form.php on line 39
[07-Oct-2019 12:56:46 Europe/Helsinki] PHP Fatal error:  Uncaught ExceptionObject: "0" не является производным класса Field in /var/www/html/learning_framework/class/Form.php:39
Stack trace:
#0 /var/www/html/learning_framework/index.php(9): Form->__construct(Array, 'Ok')
#1 {main}
  thrown in /var/www/html/learning_framework/class/Form.php on line 39
[07-Oct-2019 12:57:02 Europe/Helsinki] PHP Notice:  Undefined index: first in /var/www/html/learning_framework/index.php on line 42
[10-Oct-2019 16:33:03 Europe/Helsinki] PHP Notice:  Undefined index: first in /var/www/html/learning_framework/index.php on line 42
[19-Oct-2019 09:10:09 Europe/Helsinki] PHP Notice:  Undefined index: first in /var/www/html/learning_framework/index.php on line 42
[19-Oct-2019 09:10:36 Europe/Helsinki] PHP Notice:  Undefined index: first in /var/www/html/learning_framework/index.php on line 42
[19-Oct-2019 09:10:38 Europe/Helsinki] PHP Notice:  Undefined index: first in /var/www/html/learning_framework/index.php on line 42
[19-Oct-2019 10:18:14 Europe/Helsinki] PHP Fatal error:  Uncaught Error: Class 'ExceptionMySQL' not found in /var/www/html/learning_framework/config.php:13
Stack trace:
#0 /var/www/html/learning_framework/index.php(2): require_once()
#1 {main}
  thrown in /var/www/html/learning_framework/config.php on line 13
[19-Oct-2019 10:18:30 Europe/Helsinki] PHP Fatal error:  Uncaught Error: Call to undefined function mysql_error() in /var/www/html/learning_framework/config.php:13
Stack trace:
#0 /var/www/html/learning_framework/index.php(5): require_once()
#1 {main}
  thrown in /var/www/html/learning_framework/config.php on line 13
[19-Oct-2019 10:18:50 Europe/Helsinki] PHP Warning:  mysqli_error() expects exactly 1 parameter, 0 given in /var/www/html/learning_framework/config.php on line 13
[19-Oct-2019 10:18:50 Europe/Helsinki] PHP Fatal error:  Uncaught ExceptionMysql: Ошибка выбора базы данных in /var/www/html/learning_framework/config.php:13
Stack trace:
#0 /var/www/html/learning_framework/index.php(5): require_once()
#1 {main}
  thrown in /var/www/html/learning_framework/config.php on line 13
[19-Oct-2019 10:19:19 Europe/Helsinki] PHP Warning:  mysqli_error() expects parameter 1 to be mysqli, string given in /var/www/html/learning_framework/config.php on line 13
[19-Oct-2019 10:19:19 Europe/Helsinki] PHP Fatal error:  Uncaught ExceptionMysql: Ошибка выбора базы данных in /var/www/html/learning_framework/config.php:13
Stack trace:
#0 /var/www/html/learning_framework/index.php(5): require_once()
#1 {main}
  thrown in /var/www/html/learning_framework/config.php on line 13
[19-Oct-2019 10:19:44 Europe/Helsinki] PHP Fatal error:  Uncaught ExceptionMysql: Ошибка выбора базы данных in /var/www/html/learning_framework/config.php:13
Stack trace:
#0 /var/www/html/learning_framework/index.php(5): require_once()
#1 {main}
  thrown in /var/www/html/learning_framework/config.php on line 13
[19-Oct-2019 10:23:24 Europe/Helsinki] PHP Fatal error:  Uncaught ExceptionMysql: <span style='color: red'Ошибка выбора базы данных</span> in /var/www/html/learning_framework/config.php:13
Stack trace:
#0 /var/www/html/learning_framework/index.php(5): require_once()
#1 {main}
  thrown in /var/www/html/learning_framework/config.php on line 13
[19-Oct-2019 10:23:42 Europe/Helsinki] PHP Fatal error:  Uncaught ExceptionMysql: <span style='color: red'>Ошибка выбора базы данных</span> in /var/www/html/learning_framework/config.php:13
Stack trace:
#0 /var/www/html/learning_framework/index.php(5): require_once()
#1 {main}
  thrown in /var/www/html/learning_framework/config.php on line 13
[19-Oct-2019 10:24:21 Europe/Helsinki] PHP Fatal error:  Uncaught ExceptionMysql: <i style='color: red'>Ошибка выбора базы данных</i> in /var/www/html/learning_framework/config.php:13
Stack trace:
#0 /var/www/html/learning_framework/index.php(5): require_once()
#1 {main}
  thrown in /var/www/html/learning_framework/config.php on line 13
[19-Oct-2019 10:25:35 Europe/Helsinki] PHP Fatal error:  Uncaught ExceptionMysql: <i style='color: red'>Ошибка выбора базы данных</i> in /var/www/html/learning_framework/config.php:13
Stack trace:
#0 /var/www/html/learning_framework/index.php(5): require_once()
#1 {main}
  thrown in /var/www/html/learning_framework/config.php on line 13
[19-Oct-2019 10:25:39 Europe/Helsinki] PHP Fatal error:  Uncaught ExceptionMysql: <i style='color: red'>Ошибка выбора базы данных</i> in /var/www/html/learning_framework/config.php:13
Stack trace:
#0 /var/www/html/learning_framework/index.php(5): require_once()
#1 {main}
  thrown in /var/www/html/learning_framework/config.php on line 13
[19-Oct-2019 10:26:07 Europe/Helsinki] PHP Fatal error:  Uncaught ExceptionMysql: <p style='color: red'>Ошибка выбора базы данных</p> in /var/www/html/learning_framework/config.php:13
Stack trace:
#0 /var/www/html/learning_framework/index.php(5): require_once()
#1 {main}
  thrown in /var/www/html/learning_framework/config.php on line 13
[19-Oct-2019 10:27:08 Europe/Helsinki] PHP Fatal error:  Uncaught ExceptionMysql: Ошибка выбора базы данных in /var/www/html/learning_framework/config.php:13
Stack trace:
#0 /var/www/html/learning_framework/index.php(5): require_once()
#1 {main}
  thrown in /var/www/html/learning_framework/config.php on line 13
[19-Oct-2019 10:29:14 Europe/Helsinki] PHP Warning:  mysqli_error() expects parameter 1 to be mysqli, boolean given in /var/www/html/learning_framework/config.php on line 9
[19-Oct-2019 10:29:14 Europe/Helsinki] PHP Fatal error:  Uncaught ExceptionMysql: Невозможно установить соединение с MySQL-сервером in /var/www/html/learning_framework/config.php:9
Stack trace:
#0 /var/www/html/learning_framework/index.php(5): require_once()
#1 {main}
  thrown in /var/www/html/learning_framework/config.php on line 9
[19-Oct-2019 10:29:59 Europe/Helsinki] PHP Fatal error:  Uncaught ExceptionMysql: Ошибка выбора базы данных in /var/www/html/learning_framework/config.php:14
Stack trace:
#0 /var/www/html/learning_framework/index.php(5): require_once()
#1 {main}
  thrown in /var/www/html/learning_framework/config.php on line 14
[19-Oct-2019 10:30:14 Europe/Helsinki] PHP Fatal error:  Uncaught Error: Call to undefined function mysql_query() in /var/www/html/learning_framework/config.php:13
Stack trace:
#0 /var/www/html/learning_framework/index.php(5): require_once()
#1 {main}
  thrown in /var/www/html/learning_framework/config.php on line 13
[19-Oct-2019 10:30:32 Europe/Helsinki] PHP Notice:  Undefined index: first in /var/www/html/learning_framework/index.php on line 43
[19-Oct-2019 10:56:07 Europe/Helsinki] PHP Parse error:  syntax error, unexpected 'catch' (T_CATCH), expecting end of file in /var/www/html/learning_framework/index.php on line 38
[19-Oct-2019 11:06:23 Europe/Helsinki] PHP Parse error:  syntax error, unexpected 'catch' (T_CATCH), expecting end of file in /var/www/html/learning_framework/index.php on line 55
[19-Oct-2019 11:07:04 Europe/Helsinki] PHP Fatal error:  Uncaught Error: Class 'field_text' not found in /var/www/html/learning_framework/index.php:11
Stack trace:
#0 {main}
  thrown in /var/www/html/learning_framework/index.php on line 11
[19-Oct-2019 11:07:18 Europe/Helsinki] PHP Fatal error:  Uncaught Error: Class 'Field_text' not found in /var/www/html/learning_framework/index.php:11
Stack trace:
#0 {main}
  thrown in /var/www/html/learning_framework/index.php on line 11
[19-Oct-2019 11:07:29 Europe/Helsinki] PHP Notice:  Undefined index: name in /var/www/html/learning_framework/index.php on line 14
[19-Oct-2019 11:07:29 Europe/Helsinki] PHP Notice:  Undefined index: pass in /var/www/html/learning_framework/index.php on line 18
[19-Oct-2019 11:07:29 Europe/Helsinki] PHP Warning:  require_once(utils/top.php): failed to open stream: No such file or directory in /var/www/html/learning_framework/index.php on line 45
[19-Oct-2019 11:07:29 Europe/Helsinki] PHP Fatal error:  require_once(): Failed opening required 'utils/top.php' (include_path='.:/usr/share/php') in /var/www/html/learning_framework/index.php on line 45
[19-Oct-2019 11:08:31 Europe/Helsinki] PHP Notice:  Undefined index: pass in /var/www/html/learning_framework/index.php on line 18
[19-Oct-2019 11:08:31 Europe/Helsinki] PHP Warning:  require_once(utils/top.php): failed to open stream: No such file or directory in /var/www/html/learning_framework/index.php on line 45
[19-Oct-2019 11:08:31 Europe/Helsinki] PHP Fatal error:  require_once(): Failed opening required 'utils/top.php' (include_path='.:/usr/share/php') in /var/www/html/learning_framework/index.php on line 45
[19-Oct-2019 11:08:38 Europe/Helsinki] PHP Warning:  require_once(utils/top.php): failed to open stream: No such file or directory in /var/www/html/learning_framework/index.php on line 45
[19-Oct-2019 11:08:38 Europe/Helsinki] PHP Fatal error:  require_once(): Failed opening required 'utils/top.php' (include_path='.:/usr/share/php') in /var/www/html/learning_framework/index.php on line 45
[19-Oct-2019 11:12:53 Europe/Helsinki] PHP Warning:  require_once(../utils/utils.settings.php): failed to open stream: No such file or directory in /var/www/html/learning_framework/utils/top.php on line 15
[19-Oct-2019 11:12:53 Europe/Helsinki] PHP Fatal error:  require_once(): Failed opening required '../utils/utils.settings.php' (include_path='.:/usr/share/php') in /var/www/html/learning_framework/utils/top.php on line 15
[19-Oct-2019 11:14:33 Europe/Helsinki] PHP Fatal error:  Uncaught Error: Call to undefined function mysql_escape_string() in /var/www/html/learning_framework/utils/top.php:12
Stack trace:
#0 /var/www/html/learning_framework/index.php(45): require_once()
#1 {main}
  thrown in /var/www/html/learning_framework/utils/top.php on line 12
[19-Oct-2019 11:14:48 Europe/Helsinki] PHP Warning:  mysqli_escape_string() expects exactly 2 parameters, 1 given in /var/www/html/learning_framework/utils/top.php on line 12
[19-Oct-2019 11:14:48 Europe/Helsinki] PHP Fatal error:  Uncaught Error: Call to undefined function get_settings() in /var/www/html/learning_framework/utils/top.php:15
Stack trace:
#0 /var/www/html/learning_framework/index.php(45): require_once()
#1 {main}
  thrown in /var/www/html/learning_framework/utils/top.php on line 15
[19-Oct-2019 11:15:04 Europe/Helsinki] PHP Fatal error:  Uncaught Error: Call to undefined function get_settings() in /var/www/html/learning_framework/utils/top.php:8
Stack trace:
#0 /var/www/html/learning_framework/index.php(45): require_once()
#1 {main}
  thrown in /var/www/html/learning_framework/utils/top.php on line 8
[19-Oct-2019 11:15:11 Europe/Helsinki] PHP Fatal error:  Uncaught Error: Call to undefined function mysql_query() in /var/www/html/learning_framework/utils/top.php:20
Stack trace:
#0 /var/www/html/learning_framework/index.php(45): require_once()
#1 {main}
  thrown in /var/www/html/learning_framework/utils/top.php on line 20
[19-Oct-2019 11:15:24 Europe/Helsinki] PHP Warning:  mysqli_query() expects at least 2 parameters, 1 given in /var/www/html/learning_framework/utils/top.php on line 20
[19-Oct-2019 11:15:24 Europe/Helsinki] PHP Fatal error:  Uncaught Error: Call to undefined function mysql_error() in /var/www/html/learning_framework/utils/top.php:23
Stack trace:
#0 /var/www/html/learning_framework/index.php(45): require_once()
#1 {main}
  thrown in /var/www/html/learning_framework/utils/top.php on line 23
[19-Oct-2019 11:16:07 Europe/Helsinki] PHP Notice:  Undefined offset: 3 in /var/www/html/learning_framework/class/Form.php on line 81
[19-Oct-2019 11:16:07 Europe/Helsinki] PHP Notice:  Undefined offset: 3 in /var/www/html/learning_framework/class/Form.php on line 81
[19-Oct-2019 11:21:14 Europe/Helsinki] PHP Parse error:  syntax error, unexpected '$class' (T_VARIABLE), expecting ',' or ';' in /var/www/html/learning_framework/class/Form.php on line 85
[19-Oct-2019 11:24:06 Europe/Helsinki] PHP Fatal error:  Uncaught Error: Call to undefined function mysql_escape_string() in /var/www/html/learning_framework/class/FieldText.php:84
Stack trace:
#0 /var/www/html/learning_framework/class/Form.php(123): FieldText->check()
#1 /var/www/html/learning_framework/index.php(27): Form->check()
#2 {main}
  thrown in /var/www/html/learning_framework/class/FieldText.php on line 84
[19-Oct-2019 11:24:48 Europe/Helsinki] PHP Warning:  mysqli_escape_string() expects exactly 2 parameters, 1 given in /var/www/html/learning_framework/class/FieldText.php on line 84
[19-Oct-2019 11:24:48 Europe/Helsinki] PHP Warning:  mysqli_escape_string() expects exactly 2 parameters, 1 given in /var/www/html/learning_framework/class/FieldText.php on line 84
[19-Oct-2019 11:25:40 Europe/Helsinki] PHP Warning:  mysqli_escape_string() expects exactly 2 parameters, 1 given in /var/www/html/learning_framework/class/FieldText.php on line 84
[19-Oct-2019 11:25:40 Europe/Helsinki] PHP Warning:  mysqli_escape_string() expects exactly 2 parameters, 1 given in /var/www/html/learning_framework/class/FieldText.php on line 84
[19-Oct-2019 11:27:10 Europe/Helsinki] PHP Notice:  Undefined variable: dbcnx in /var/www/html/learning_framework/class/FieldText.php on line 84
[19-Oct-2019 11:27:10 Europe/Helsinki] PHP Warning:  mysqli_escape_string() expects parameter 1 to be mysqli, null given in /var/www/html/learning_framework/class/FieldText.php on line 84
[19-Oct-2019 11:27:10 Europe/Helsinki] PHP Notice:  Undefined variable: dbcnx in /var/www/html/learning_framework/class/FieldText.php on line 84
[19-Oct-2019 11:27:10 Europe/Helsinki] PHP Warning:  mysqli_escape_string() expects parameter 1 to be mysqli, null given in /var/www/html/learning_framework/class/FieldText.php on line 84
[19-Oct-2019 11:27:42 Europe/Helsinki] PHP Notice:  Undefined variable: dbcnx in /var/www/html/learning_framework/class/FieldText.php on line 84
[19-Oct-2019 11:27:42 Europe/Helsinki] PHP Warning:  mysqli_escape_string() expects parameter 1 to be mysqli, null given in /var/www/html/learning_framework/class/FieldText.php on line 84
[19-Oct-2019 11:27:42 Europe/Helsinki] PHP Notice:  Undefined variable: dbcnx in /var/www/html/learning_framework/class/FieldText.php on line 84
[19-Oct-2019 11:27:42 Europe/Helsinki] PHP Warning:  mysqli_escape_string() expects parameter 1 to be mysqli, null given in /var/www/html/learning_framework/class/FieldText.php on line 84
[19-Oct-2019 11:27:44 Europe/Helsinki] PHP Notice:  Undefined variable: dbcnx in /var/www/html/learning_framework/class/FieldText.php on line 84
[19-Oct-2019 11:27:44 Europe/Helsinki] PHP Warning:  mysqli_escape_string() expects parameter 1 to be mysqli, null given in /var/www/html/learning_framework/class/FieldText.php on line 84
[19-Oct-2019 11:27:44 Europe/Helsinki] PHP Notice:  Undefined variable: dbcnx in /var/www/html/learning_framework/class/FieldText.php on line 84
[19-Oct-2019 11:27:44 Europe/Helsinki] PHP Warning:  mysqli_escape_string() expects parameter 1 to be mysqli, null given in /var/www/html/learning_framework/class/FieldText.php on line 84
[19-Oct-2019 11:27:52 Europe/Helsinki] PHP Notice:  Undefined variable: dbcnx in /var/www/html/learning_framework/class/FieldText.php on line 84
[19-Oct-2019 11:27:52 Europe/Helsinki] PHP Warning:  mysqli_escape_string() expects parameter 1 to be mysqli, null given in /var/www/html/learning_framework/class/FieldText.php on line 84
[19-Oct-2019 11:27:52 Europe/Helsinki] PHP Notice:  Undefined variable: dbcnx in /var/www/html/learning_framework/class/FieldText.php on line 84
[19-Oct-2019 11:27:52 Europe/Helsinki] PHP Warning:  mysqli_escape_string() expects parameter 1 to be mysqli, null given in /var/www/html/learning_framework/class/FieldText.php on line 84
[19-Oct-2019 11:30:11 Europe/Helsinki] PHP Warning:  mysqli_error() expects parameter 1 to be mysqli, boolean given in /var/www/html/learning_framework/config.php on line 9
[19-Oct-2019 11:30:11 Europe/Helsinki] PHP Fatal error:  Uncaught ExceptionMysql: Невозможно установить соединение с MySQL-сервером in /var/www/html/learning_framework/config.php:9
Stack trace:
#0 /var/www/html/learning_framework/index.php(5): require_once()
#1 {main}
  thrown in /var/www/html/learning_framework/config.php on line 9
[19-Oct-2019 11:31:22 Europe/Helsinki] PHP Warning:  Use of undefined constant db_name - assumed 'db_name' (this will throw an Error in a future version of PHP) in /var/www/html/learning_framework/config.php on line 7
[19-Oct-2019 11:31:22 Europe/Helsinki] PHP Warning:  mysqli_connect(): (HY000/1049): Unknown database 'db_name' in /var/www/html/learning_framework/config.php on line 7
[19-Oct-2019 11:31:22 Europe/Helsinki] PHP Warning:  mysqli_error() expects parameter 1 to be mysqli, boolean given in /var/www/html/learning_framework/config.php on line 9
[19-Oct-2019 11:31:22 Europe/Helsinki] PHP Fatal error:  Uncaught ExceptionMysql: Невозможно установить соединение с MySQL-сервером in /var/www/html/learning_framework/config.php:9
Stack trace:
#0 /var/www/html/learning_framework/index.php(5): require_once()
#1 {main}
  thrown in /var/www/html/learning_framework/config.php on line 9
[19-Oct-2019 11:31:34 Europe/Helsinki] PHP Notice:  Undefined variable: dbcnx in /var/www/html/learning_framework/class/FieldText.php on line 84
[19-Oct-2019 11:31:34 Europe/Helsinki] PHP Warning:  mysqli_escape_string() expects parameter 1 to be mysqli, null given in /var/www/html/learning_framework/class/FieldText.php on line 84
[19-Oct-2019 11:31:34 Europe/Helsinki] PHP Notice:  Undefined variable: dbcnx in /var/www/html/learning_framework/class/FieldText.php on line 84
[19-Oct-2019 11:31:34 Europe/Helsinki] PHP Warning:  mysqli_escape_string() expects parameter 1 to be mysqli, null given in /var/www/html/learning_framework/class/FieldText.php on line 84
[19-Oct-2019 11:31:53 Europe/Helsinki] PHP Warning:  Use of undefined constant dbcnx - assumed 'dbcnx' (this will throw an Error in a future version of PHP) in /var/www/html/learning_framework/class/FieldText.php on line 84
[19-Oct-2019 11:31:53 Europe/Helsinki] PHP Warning:  mysqli_escape_string() expects parameter 1 to be mysqli, string given in /var/www/html/learning_framework/class/FieldText.php on line 84
[19-Oct-2019 11:31:53 Europe/Helsinki] PHP Warning:  Use of undefined constant dbcnx - assumed 'dbcnx' (this will throw an Error in a future version of PHP) in /var/www/html/learning_framework/class/FieldText.php on line 84
[19-Oct-2019 11:31:53 Europe/Helsinki] PHP Warning:  mysqli_escape_string() expects parameter 1 to be mysqli, string given in /var/www/html/learning_framework/class/FieldText.php on line 84
[19-Oct-2019 11:33:33 Europe/Helsinki] PHP Warning:  Use of undefined constant dbcnx - assumed 'dbcnx' (this will throw an Error in a future version of PHP) in /var/www/html/learning_framework/class/FieldText.php on line 84
[19-Oct-2019 11:33:33 Europe/Helsinki] PHP Warning:  mysqli_escape_string() expects parameter 1 to be mysqli, string given in /var/www/html/learning_framework/class/FieldText.php on line 84
[19-Oct-2019 11:33:33 Europe/Helsinki] PHP Warning:  Use of undefined constant dbcnx - assumed 'dbcnx' (this will throw an Error in a future version of PHP) in /var/www/html/learning_framework/class/FieldText.php on line 84
[19-Oct-2019 11:33:33 Europe/Helsinki] PHP Warning:  mysqli_escape_string() expects parameter 1 to be mysqli, string given in /var/www/html/learning_framework/class/FieldText.php on line 84
[19-Oct-2019 11:34:09 Europe/Helsinki] PHP Warning:  Use of undefined constant dbcnx - assumed 'dbcnx' (this will throw an Error in a future version of PHP) in /var/www/html/learning_framework/class/FieldText.php on line 84
[19-Oct-2019 11:34:09 Europe/Helsinki] PHP Warning:  mysqli_escape_string() expects parameter 1 to be mysqli, string given in /var/www/html/learning_framework/class/FieldText.php on line 84
[19-Oct-2019 11:34:09 Europe/Helsinki] PHP Warning:  Use of undefined constant dbcnx - assumed 'dbcnx' (this will throw an Error in a future version of PHP) in /var/www/html/learning_framework/class/FieldText.php on line 84
[19-Oct-2019 11:34:09 Europe/Helsinki] PHP Warning:  mysqli_escape_string() expects parameter 1 to be mysqli, string given in /var/www/html/learning_framework/class/FieldText.php on line 84
[19-Oct-2019 11:35:43 Europe/Helsinki] PHP Notice:  Undefined variable: dbcnx in /var/www/html/learning_framework/class/FieldText.php on line 84
[19-Oct-2019 11:35:43 Europe/Helsinki] PHP Warning:  mysqli_escape_string() expects parameter 1 to be mysqli, null given in /var/www/html/learning_framework/class/FieldText.php on line 84
[19-Oct-2019 11:35:43 Europe/Helsinki] PHP Notice:  Undefined variable: dbcnx in /var/www/html/learning_framework/class/FieldText.php on line 84
[19-Oct-2019 11:35:43 Europe/Helsinki] PHP Warning:  mysqli_escape_string() expects parameter 1 to be mysqli, null given in /var/www/html/learning_framework/class/FieldText.php on line 84
[19-Oct-2019 11:42:22 Europe/Helsinki] PHP Parse error:  syntax error, unexpected '$db' (T_VARIABLE), expecting function (T_FUNCTION) or const (T_CONST) in /var/www/html/learning_framework/class/FieldText.php on line 3
[19-Oct-2019 11:42:40 Europe/Helsinki] PHP Fatal error:  Uncaught Error: Class 'DB' not found in /var/www/html/learning_framework/class/FieldText.php:32
Stack trace:
#0 /var/www/html/learning_framework/index.php(15): FieldText->__construct('name', '\xD0\x98\xD0\xBC\xD1\x8F', true, 'JZorkiy')
#1 {main}
  thrown in /var/www/html/learning_framework/class/FieldText.php on line 32
[19-Oct-2019 11:43:03 Europe/Helsinki] PHP Warning:  require_once(DB.php): failed to open stream: No such file or directory in /var/www/html/learning_framework/index.php on line 3
[19-Oct-2019 11:43:03 Europe/Helsinki] PHP Fatal error:  require_once(): Failed opening required 'DB.php' (include_path='.:/usr/share/php') in /var/www/html/learning_framework/index.php on line 3
[19-Oct-2019 11:43:15 Europe/Helsinki] PHP Warning:  require_once(DB.php): failed to open stream: No such file or directory in /var/www/html/learning_framework/index.php on line 3
[19-Oct-2019 11:43:15 Europe/Helsinki] PHP Fatal error:  require_once(): Failed opening required 'DB.php' (include_path='.:/usr/share/php') in /var/www/html/learning_framework/index.php on line 3
[19-Oct-2019 11:43:34 Europe/Helsinki] PHP Warning:  require_once(DB.php): failed to open stream: No such file or directory in /var/www/html/learning_framework/index.php on line 3
[19-Oct-2019 11:43:34 Europe/Helsinki] PHP Fatal error:  require_once(): Failed opening required 'DB.php' (include_path='.:/usr/share/php') in /var/www/html/learning_framework/index.php on line 3
[19-Oct-2019 11:43:55 Europe/Helsinki] PHP Warning:  mysqli_query() expects at least 2 parameters, 1 given in /var/www/html/learning_framework/index.php on line 34
[19-Oct-2019 11:43:55 Europe/Helsinki] PHP Warning:  mysqli_error() expects exactly 1 parameter, 0 given in /var/www/html/learning_framework/index.php on line 35
[19-Oct-2019 11:43:55 Europe/Helsinki] PHP Fatal error:  Uncaught ExceptionMysql: Ошибка регистрации пользователя in /var/www/html/learning_framework/index.php:35
Stack trace:
#0 {main}
  thrown in /var/www/html/learning_framework/index.php on line 35
[19-Oct-2019 11:45:03 Europe/Helsinki] PHP Warning:  mysqli_error() expects exactly 1 parameter, 0 given in /var/www/html/learning_framework/index.php on line 37
[19-Oct-2019 11:45:03 Europe/Helsinki] PHP Fatal error:  Uncaught ExceptionMysql: Ошибка регистрации пользователя in /var/www/html/learning_framework/index.php:37
Stack trace:
#0 {main}
  thrown in /var/www/html/learning_framework/index.php on line 37
[19-Oct-2019 11:45:27 Europe/Helsinki] PHP Fatal error:  Uncaught ExceptionMysql: Ошибка регистрации пользователя in /var/www/html/learning_framework/index.php:37
Stack trace:
#0 {main}
  thrown in /var/www/html/learning_framework/index.php on line 37
[19-Oct-2019 11:46:02 Europe/Helsinki] PHP Fatal error:  Uncaught ExceptionMysql: Ошибка регистрации пользователя in /var/www/html/learning_framework/index.php:37
Stack trace:
#0 {main}
  thrown in /var/www/html/learning_framework/index.php on line 37
[19-Oct-2019 11:47:12 Europe/Helsinki] PHP Fatal error:  Uncaught ExceptionMysql: Ошибка регистрации пользователя in /var/www/html/learning_framework/index.php:38
Stack trace:
#0 {main}
  thrown in /var/www/html/learning_framework/index.php on line 38
[19-Oct-2019 11:48:03 Europe/Helsinki] PHP Fatal error:  Uncaught ExceptionMysql: Ошибка регистрации пользователя in /var/www/html/learning_framework/index.php:38
Stack trace:
#0 {main}
  thrown in /var/www/html/learning_framework/index.php on line 38
[19-Oct-2019 11:51:40 Europe/Helsinki] PHP Fatal error:  Uncaught ExceptionMysql: Ошибка регистрации пользователя in /var/www/html/learning_framework/index.php:41
Stack trace:
#0 {main}
  thrown in /var/www/html/learning_framework/index.php on line 41
[19-Oct-2019 11:52:32 Europe/Helsinki] PHP Fatal error:  Uncaught ExceptionMysql: Ошибка регистрации пользователя in /var/www/html/learning_framework/index.php:41
Stack trace:
#0 {main}
  thrown in /var/www/html/learning_framework/index.php on line 41
[19-Oct-2019 11:53:15 Europe/Helsinki] PHP Fatal error:  Uncaught ExceptionMysql: Ошибка регистрации пользователя in /var/www/html/learning_framework/index.php:41
Stack trace:
#0 {main}
  thrown in /var/www/html/learning_framework/index.php on line 41
[19-Oct-2019 11:53:28 Europe/Helsinki] PHP Fatal error:  Uncaught ExceptionMysql: Ошибка регистрации пользователя in /var/www/html/learning_framework/index.php:41
Stack trace:
#0 {main}
  thrown in /var/www/html/learning_framework/index.php on line 41
[19-Oct-2019 11:54:18 Europe/Helsinki] PHP Notice:  Undefined index: PHP_SERF in /var/www/html/learning_framework/index.php on line 45
[19-Oct-2019 11:55:34 Europe/Helsinki] PHP Notice:  Undefined index: PHP_SERF in /var/www/html/learning_framework/index.php on line 45
[19-Oct-2019 11:58:44 Europe/Helsinki] PHP Notice:  Undefined variable: link in /var/www/html/learning_framework/class/DB.php on line 16
[19-Oct-2019 11:58:44 Europe/Helsinki] PHP Warning:  mysqli_set_charset() expects parameter 1 to be mysqli, null given in /var/www/html/learning_framework/class/DB.php on line 16
[19-Oct-2019 11:58:44 Europe/Helsinki] PHP Notice:  Undefined variable: link in /var/www/html/learning_framework/class/DB.php on line 16
[19-Oct-2019 11:58:44 Europe/Helsinki] PHP Warning:  mysqli_set_charset() expects parameter 1 to be mysqli, null given in /var/www/html/learning_framework/class/DB.php on line 16
[19-Oct-2019 11:58:44 Europe/Helsinki] PHP Notice:  Undefined variable: link in /var/www/html/learning_framework/class/DB.php on line 16
[19-Oct-2019 11:58:44 Europe/Helsinki] PHP Warning:  mysqli_set_charset() expects parameter 1 to be mysqli, null given in /var/www/html/learning_framework/class/DB.php on line 16
